<?xml version="1.0" encoding="UTF-8"?>
<!-- Generated by org.testng.reporters.JUnitReportReporter -->
<testsuite skipped="0" hostname="W1013WDSQ2" name="com.qa.test.GetAPITest" tests="1" failures="0" timestamp="05 Oct 2020 14:53:47 GMT" time="1.162" errors="0">
  <testcase name="getAPITest" time="1.162" classname="com.qa.test.GetAPITest"/>
</testsuite> <!-- com.qa.test.GetAPITest -->
